服务器已启动
开始执行定时更新任务
~~~~~~~~~~~~~~~~~~~~~~~~~~~ newclassList
[ { name: '首页', url: 'http://chinese.christianpost.com/', id: 1 },
  { name: '教会',
    url: 'http://chinese.christianpost.com/church/',
    id: 2 },
  { name: '事工',
    url: 'http://chinese.christianpost.com/ministries/',
    id: 3 },
  { name: '国际',
    url: 'http://chinese.christianpost.com/world/',
    id: 4 },
  { name: '社会',
    url: 'http://chinese.christianpost.com/society/',
    id: 5 },
  { name: '科技&财经',
    url: 'http://chinese.christianpost.com/tech/',
    id: 6 },
  { name: '文化',
    url: 'http://chinese.christianpost.com/culture/',
    id: 7 },
  { name: '观点',
    url: 'http://chinese.christianpost.com/opinion/',
    id: 8 },
  { name: '图库',
    url: 'http://chinese.christianpost.com/gallery/',
    id: 9 } ]
~~~~~~~~~~~~~~~~~~~~~~~~~~~
~~~~~~~~~~~~~~~~~~~~~~~~~~~ newclassList 依次获取所有文章分类下的文章列表
[ { name: '首页', url: 'http://chinese.christianpost.com/', id: 1 },
  { name: '教会',
    url: 'http://chinese.christianpost.com/church/',
    id: 2 },
  { name: '事工',
    url: 'http://chinese.christianpost.com/ministries/',
    id: 3 },
  { name: '国际',
    url: 'http://chinese.christianpost.com/world/',
    id: 4 },
  { name: '社会',
    url: 'http://chinese.christianpost.com/society/',
    id: 5 },
  { name: '科技&财经',
    url: 'http://chinese.christianpost.com/tech/',
    id: 6 },
  { name: '文化',
    url: 'http://chinese.christianpost.com/culture/',
    id: 7 },
  { name: '观点',
    url: 'http://chinese.christianpost.com/opinion/',
    id: 8 },
  { name: '图库',
    url: 'http://chinese.christianpost.com/gallery/',
    id: 9 } ]
~~~~~~~~~~~~~~~~~~~~~~~~~~~
完成
更新任务结束，代码=0
开始执行定时更新任务
~~~~~~~~~~~~~~~~~~~~~~~~~~~ newclassList
[ { name: '首页', url: 'http://chinese.christianpost.com/', id: 1 },
  { name: '教会',
    url: 'http://chinese.christianpost.com/church/',
    id: 2 },
  { name: '事工',
    url: 'http://chinese.christianpost.com/ministries/',
    id: 3 },
  { name: '国际',
    url: 'http://chinese.christianpost.com/world/',
    id: 4 },
  { name: '社会',
    url: 'http://chinese.christianpost.com/society/',
    id: 5 },
  { name: '科技&财经',
    url: 'http://chinese.christianpost.com/tech/',
    id: 6 },
  { name: '文化',
    url: 'http://chinese.christianpost.com/culture/',
    id: 7 },
  { name: '观点',
    url: 'http://chinese.christianpost.com/opinion/',
    id: 8 },
  { name: '图库',
    url: 'http://chinese.christianpost.com/gallery/',
    id: 9 } ]
~~~~~~~~~~~~~~~~~~~~~~~~~~~
~~~~~~~~~~~~~~~~~~~~~~~~~~~ newclassList 依次获取所有文章分类下的文章列表
[ { name: '首页', url: 'http://chinese.christianpost.com/', id: 1 },
  { name: '教会',
    url: 'http://chinese.christianpost.com/church/',
    id: 2 },
  { name: '事工',
    url: 'http://chinese.christianpost.com/ministries/',
    id: 3 },
  { name: '国际',
    url: 'http://chinese.christianpost.com/world/',
    id: 4 },
  { name: '社会',
    url: 'http://chinese.christianpost.com/society/',
    id: 5 },
  { name: '科技&财经',
    url: 'http://chinese.christianpost.com/tech/',
    id: 6 },
  { name: '文化',
    url: 'http://chinese.christianpost.com/culture/',
    id: 7 },
  { name: '观点',
    url: 'http://chinese.christianpost.com/opinion/',
    id: 8 },
  { name: '图库',
    url: 'http://chinese.christianpost.com/gallery/',
    id: 9 } ]
~~~~~~~~~~~~~~~~~~~~~~~~~~~
完成
更新任务结束，代码=0
开始执行定时更新任务
~~~~~~~~~~~~~~~~~~~~~~~~~~~ newclassList
[ { name: '首页', url: 'http://chinese.christianpost.com/', id: 1 },
  { name: '教会',
    url: 'http://chinese.christianpost.com/church/',
    id: 2 },
  { name: '事工',
    url: 'http://chinese.christianpost.com/ministries/',
    id: 3 },
  { name: '国际',
    url: 'http://chinese.christianpost.com/world/',
    id: 4 },
  { name: '社会',
    url: 'http://chinese.christianpost.com/society/',
    id: 5 },
  { name: '科技&财经',
    url: 'http://chinese.christianpost.com/tech/',
    id: 6 },
  { name: '文化',
    url: 'http://chinese.christianpost.com/culture/',
    id: 7 },
  { name: '观点',
    url: 'http://chinese.christianpost.com/opinion/',
    id: 8 },
  { name: '图库',
    url: 'http://chinese.christianpost.com/gallery/',
    id: 9 } ]
~~~~~~~~~~~~~~~~~~~~~~~~~~~
~~~~~~~~~~~~~~~~~~~~~~~~~~~ newclassList 依次获取所有文章分类下的文章列表
[ { name: '首页', url: 'http://chinese.christianpost.com/', id: 1 },
  { name: '教会',
    url: 'http://chinese.christianpost.com/church/',
    id: 2 },
  { name: '事工',
    url: 'http://chinese.christianpost.com/ministries/',
    id: 3 },
  { name: '国际',
    url: 'http://chinese.christianpost.com/world/',
    id: 4 },
  { name: '社会',
    url: 'http://chinese.christianpost.com/society/',
    id: 5 },
  { name: '科技&财经',
    url: 'http://chinese.christianpost.com/tech/',
    id: 6 },
  { name: '文化',
    url: 'http://chinese.christianpost.com/culture/',
    id: 7 },
  { name: '观点',
    url: 'http://chinese.christianpost.com/opinion/',
    id: 8 },
  { name: '图库',
    url: 'http://chinese.christianpost.com/gallery/',
    id: 9 } ]
~~~~~~~~~~~~~~~~~~~~~~~~~~~
完成
更新任务结束，代码=0
开始执行定时更新任务
~~~~~~~~~~~~~~~~~~~~~~~~~~~ newclassList
[ { name: '首页', url: 'http://chinese.christianpost.com/', id: 1 },
  { name: '教会',
    url: 'http://chinese.christianpost.com/church/',
    id: 2 },
  { name: '事工',
    url: 'http://chinese.christianpost.com/ministries/',
    id: 3 },
  { name: '国际',
    url: 'http://chinese.christianpost.com/world/',
    id: 4 },
  { name: '社会',
    url: 'http://chinese.christianpost.com/society/',
    id: 5 },
  { name: '科技&财经',
    url: 'http://chinese.christianpost.com/tech/',
    id: 6 },
  { name: '文化',
    url: 'http://chinese.christianpost.com/culture/',
    id: 7 },
  { name: '观点',
    url: 'http://chinese.christianpost.com/opinion/',
    id: 8 },
  { name: '图库',
    url: 'http://chinese.christianpost.com/gallery/',
    id: 9 } ]
~~~~~~~~~~~~~~~~~~~~~~~~~~~
~~~~~~~~~~~~~~~~~~~~~~~~~~~ newclassList 依次获取所有文章分类下的文章列表
[ { name: '首页', url: 'http://chinese.christianpost.com/', id: 1 },
  { name: '教会',
    url: 'http://chinese.christianpost.com/church/',
    id: 2 },
  { name: '事工',
    url: 'http://chinese.christianpost.com/ministries/',
    id: 3 },
  { name: '国际',
    url: 'http://chinese.christianpost.com/world/',
    id: 4 },
  { name: '社会',
    url: 'http://chinese.christianpost.com/society/',
    id: 5 },
  { name: '科技&财经',
    url: 'http://chinese.christianpost.com/tech/',
    id: 6 },
  { name: '文化',
    url: 'http://chinese.christianpost.com/culture/',
    id: 7 },
  { name: '观点',
    url: 'http://chinese.christianpost.com/opinion/',
    id: 8 },
  { name: '图库',
    url: 'http://chinese.christianpost.com/gallery/',
    id: 9 } ]
~~~~~~~~~~~~~~~~~~~~~~~~~~~
完成
更新任务结束，代码=0
开始执行定时更新任务
~~~~~~~~~~~~~~~~~~~~~~~~~~~ newclassList
[ { name: '首页', url: 'http://chinese.christianpost.com/', id: 1 },
  { name: '教会',
    url: 'http://chinese.christianpost.com/church/',
    id: 2 },
  { name: '事工',
    url: 'http://chinese.christianpost.com/ministries/',
    id: 3 },
  { name: '国际',
    url: 'http://chinese.christianpost.com/world/',
    id: 4 },
  { name: '社会',
    url: 'http://chinese.christianpost.com/society/',
    id: 5 },
  { name: '科技&财经',
    url: 'http://chinese.christianpost.com/tech/',
    id: 6 },
  { name: '文化',
    url: 'http://chinese.christianpost.com/culture/',
    id: 7 },
  { name: '观点',
    url: 'http://chinese.christianpost.com/opinion/',
    id: 8 },
  { name: '图库',
    url: 'http://chinese.christianpost.com/gallery/',
    id: 9 } ]
~~~~~~~~~~~~~~~~~~~~~~~~~~~
~~~~~~~~~~~~~~~~~~~~~~~~~~~ newclassList 依次获取所有文章分类下的文章列表
[ { name: '首页', url: 'http://chinese.christianpost.com/', id: 1 },
  { name: '教会',
    url: 'http://chinese.christianpost.com/church/',
    id: 2 },
  { name: '事工',
    url: 'http://chinese.christianpost.com/ministries/',
    id: 3 },
  { name: '国际',
    url: 'http://chinese.christianpost.com/world/',
    id: 4 },
  { name: '社会',
    url: 'http://chinese.christianpost.com/society/',
    id: 5 },
  { name: '科技&财经',
    url: 'http://chinese.christianpost.com/tech/',
    id: 6 },
  { name: '文化',
    url: 'http://chinese.christianpost.com/culture/',
    id: 7 },
  { name: '观点',
    url: 'http://chinese.christianpost.com/opinion/',
    id: 8 },
  { name: '图库',
    url: 'http://chinese.christianpost.com/gallery/',
    id: 9 } ]
~~~~~~~~~~~~~~~~~~~~~~~~~~~
完成
更新任务结束，代码=0
